Serverless: Parsing Python requirements.txt
Serverless: Installing required Python packages for runtime python3.6...
 
  Error --------------------------------------------------
 
  Exception:
Traceback (most recent call last):
  File "/usr/local/lib/python3.6/site-packages/pip/basecommand.py", line 215, in main
    status = self.run(options, args)
  File "/usr/local/lib/python3.6/site-packages/pip/commands/install.py", line 342, in run
    prefix=options.prefix_path,
  File "/usr/local/lib/python3.6/site-packages/pip/req/req_set.py", line 784, in install
    **kwargs
  File "/usr/local/lib/python3.6/site-packages/pip/req/req_install.py", line 851, in install
    self.move_wheel_files(self.source_dir, root=root, prefix=prefix)
  File "/usr/local/lib/python3.6/site-packages/pip/req/req_install.py", line 1064, in move_wheel_files
    isolated=self.isolated,
  File "/usr/local/lib/python3.6/site-packages/pip/wheel.py", line 247, in move_wheel_files
    prefix=prefix,
  File "/usr/local/lib/python3.6/site-packages/pip/locations.py", line 153, in distutils_scheme
    i.finalize_options()
  File "/usr/local/Cellar/python3/3.6.1/Frameworks/Python.framework/Versions/3.6/lib/python3.6/distutils/command/install.py", line 248, in finalize_options
    "must supply either home or prefix/exec-prefix -- not both")
distutils.errors.DistutilsOptionError: must supply either home or prefix/exec-prefix -- not both

 
     For debugging logs, run again after setting the "SLS_DEBUG=*" environment variable.
 
  Stack Trace --------------------------------------------
 
Error: Exception:
Traceback (most recent call last):
  File "/usr/local/lib/python3.6/site-packages/pip/basecommand.py", line 215, in main
    status = self.run(options, args)
  File "/usr/local/lib/python3.6/site-packages/pip/commands/install.py", line 342, in run
    prefix=options.prefix_path,
  File "/usr/local/lib/python3.6/site-packages/pip/req/req_set.py", line 784, in install
    **kwargs
  File "/usr/local/lib/python3.6/site-packages/pip/req/req_install.py", line 851, in install
    self.move_wheel_files(self.source_dir, root=root, prefix=prefix)
  File "/usr/local/lib/python3.6/site-packages/pip/req/req_install.py", line 1064, in move_wheel_files
    isolated=self.isolated,
  File "/usr/local/lib/python3.6/site-packages/pip/wheel.py", line 247, in move_wheel_files
    prefix=prefix,
  File "/usr/local/lib/python3.6/site-packages/pip/locations.py", line 153, in distutils_scheme
    i.finalize_options()
  File "/usr/local/Cellar/python3/3.6.1/Frameworks/Python.framework/Versions/3.6/lib/python3.6/distutils/command/install.py", line 248, in finalize_options
    "must supply either home or prefix/exec-prefix -- not both")
distutils.errors.DistutilsOptionError: must supply either home or prefix/exec-prefix -- not both

    at module.exports.logError.errorHandlingError (/usr/local/lib/node_modules/serverless/lib/classes/Error.js:94:11)
    at initializeErrorReporter.then.catch.e (/usr/local/lib/node_modules/serverless/bin/serverless:42:3)
    at runCallback (timers.js:672:20)
    at tryOnImmediate (timers.js:645:5)
    at processImmediate [as _immediateCallback] (timers.js:617:5)
From previous event:
    at __dirname (/usr/local/lib/node_modules/serverless/bin/serverless:40:9)
    at Object.<anonymous> (/usr/local/lib/node_modules/serverless/bin/serverless:43:4)
    at Module._compile (module.js:570:32)
    at Object.Module._extensions..js (module.js:579:10)
    at Module.load (module.js:487:32)
    at tryModuleLoad (module.js:446:12)
    at Function.Module._load (module.js:438:3)
    at Module.runMain (module.js:604:10)
    at run (bootstrap_node.js:389:7)
    at startup (bootstrap_node.js:149:9)
    at bootstrap_node.js:504:3
 
  Get Support --------------------------------------------
     Docs:          docs.serverless.com
     Bugs:          github.com/serverless/serverless/issues
     Forums:        forum.serverless.com
     Chat:          gitter.im/serverless/serverless
 
  Your Environment Information -----------------------------
     OS:                     darwin
     Node Version:           6.11.2
     Serverless Version:     1.19.0
 
